Using pre-set license
Built from '2021.3/staging' branch; Version is '2021.3.25f1 (68ef2c4f8861) revision 6876972'; Using compiler version '192829333'; Build Type 'Release'
OS: 'Windows 11  (10.0.22621) 64bit Professional' Language: 'en' Physical Memory: 32683 MB
BatchMode: 1, IsHumanControllingUs: 0, StartBugReporterOnCrash: 0, Is64bit: 1, IsPro: 1

COMMAND LINE ARGUMENTS:
C:\Program Files\Unity\Hub\Editor\2021.3.25f1\Editor\Unity.exe
-adb2
-batchMode
-noUpm
-name
AssetImportWorker4
-projectPath
C:/Users/Josh/Documents/GitHub2/uno-dos-unity-game
-logFile
Logs/AssetImportWorker4.log
-srvPort
56403
Successfully changed project path to: C:/Users/Josh/Documents/GitHub2/uno-dos-unity-game
C:/Users/Josh/Documents/GitHub2/uno-dos-unity-game
[UnityMemory] Configuration Parameters - Can be set up in boot.config
    "memorysetup-bucket-allocator-granularity=16"
    "memorysetup-bucket-allocator-bucket-count=8"
    "memorysetup-bucket-allocator-block-size=33554432"
    "memorysetup-bucket-allocator-block-count=8"
    "memorysetup-main-allocator-block-size=16777216"
    "memorysetup-thread-allocator-block-size=16777216"
    "memorysetup-gfx-main-allocator-block-size=16777216"
    "memorysetup-gfx-thread-allocator-block-size=16777216"
    "memorysetup-cache-allocator-block-size=4194304"
    "memorysetup-typetree-allocator-block-size=2097152"
    "memorysetup-profiler-bucket-allocator-granularity=16"
    "memorysetup-profiler-bucket-allocator-bucket-count=8"
    "memorysetup-profiler-bucket-allocator-block-size=33554432"
    "memorysetup-profiler-bucket-allocator-block-count=8"
    "memorysetup-profiler-allocator-block-size=16777216"
    "memorysetup-profiler-editor-allocator-block-size=1048576"
    "memorysetup-temp-allocator-size-main=16777216"
    "memorysetup-job-temp-allocator-block-size=2097152"
    "memorysetup-job-temp-allocator-block-size-background=1048576"
    "memorysetup-job-temp-allocator-reduction-small-platforms=262144"
    "memorysetup-temp-allocator-size-background-worker=32768"
    "memorysetup-temp-allocator-size-job-worker=262144"
    "memorysetup-temp-allocator-size-preload-manager=33554432"
    "memorysetup-temp-allocator-size-nav-mesh-worker=65536"
    "memorysetup-temp-allocator-size-audio-worker=65536"
    "memorysetup-temp-allocator-size-cloud-worker=32768"
    "memorysetup-temp-allocator-size-gi-baking-worker=262144"
    "memorysetup-temp-allocator-size-gfx=262144"
Player connection [25056] Host "[IP] 192.168.1.207 [Port] 0 [Flags] 2 [Guid] 3342214219 [EditorId] 3342214219 [Version] 1048832 [Id] WindowsEditor(7,DESKTOP-55RMLP0) [Debug] 1 [PackageName] WindowsEditor [ProjectName] Editor" joined multi-casting on [225.0.0.222:54997]...

Player connection [25056] Host "[IP] 192.168.1.207 [Port] 0 [Flags] 2 [Guid] 3342214219 [EditorId] 3342214219 [Version] 1048832 [Id] WindowsEditor(7,DESKTOP-55RMLP0) [Debug] 1 [PackageName] WindowsEditor [ProjectName] Editor" joined alternative multi-casting on [225.0.0.222:34997]...

Refreshing native plugins compatible for Editor in 67.22 ms, found 3 plugins.
Preloading 0 native plugins for Editor in 0.00 ms.
Initialize engine version: 2021.3.25f1 (68ef2c4f8861)
[Subsystems] Discovering subsystems at path C:/Program Files/Unity/Hub/Editor/2021.3.25f1/Editor/Data/Resources/UnitySubsystems
[Subsystems] Discovering subsystems at path C:/Users/Josh/Documents/GitHub2/uno-dos-unity-game/Assets
GfxDevice: creating device client; threaded=0; jobified=0
Direct3D:
    Version:  Direct3D 11.0 [level 11.1]
    Renderer: Radeon RX 580 Series (ID=0x67df)
    Vendor:   ATI
    VRAM:     8170 MB
    Driver:   31.0.14051.5006
Initialize mono
Mono path[0] = 'C:/Program Files/Unity/Hub/Editor/2021.3.25f1/Editor/Data/Managed'
Mono path[1] = 'C:/Program Files/Unity/Hub/Editor/2021.3.25f1/Editor/Data/MonoBleedingEdge/lib/mono/unityjit-win32'
Mono config path = 'C:/Program Files/Unity/Hub/Editor/2021.3.25f1/Editor/Data/MonoBleedingEdge/etc'
Using monoOptions --debugger-agent=transport=dt_socket,embedding=1,server=y,suspend=n,address=127.0.0.1:56900
Begin MonoManager ReloadAssembly
Registering precompiled unity dll's ...
Register platform support module: C:/Program Files/Unity/Hub/Editor/2021.3.25f1/Editor/Data/PlaybackEngines/WindowsStandaloneSupport/UnityEditor.WindowsStandalone.Extensions.dll
Registered in 0.006822 seconds.
Native extension for WindowsStandalone target not found
Refreshing native plugins compatible for Editor in 49.81 ms, found 3 plugins.
Preloading 0 native plugins for Editor in 0.00 ms.
Mono: successfully reloaded assembly
- Completed reload, in  0.518 seconds
Domain Reload Profiling:
	ReloadAssembly (519ms)
		BeginReloadAssembly (70ms)
			ExecutionOrderSort (0ms)
			DisableScriptedObjects (0ms)
			BackupInstance (0ms)
			ReleaseScriptingObjects (0ms)
			CreateAndSetChildDomain (1ms)
		EndReloadAssembly (361ms)
			LoadAssemblies (68ms)
			RebuildTransferFunctionScriptingTraits (0ms)
			SetupTypeCache (85ms)
			ReleaseScriptCaches (0ms)
			RebuildScriptCaches (22ms)
			SetupLoadedEditorAssemblies (213ms)
				LogAssemblyErrors (0ms)
				InitializePlatformSupportModulesInManaged (6ms)
				SetLoadedEditorAssemblies (0ms)
				RefreshPlugins (50ms)
				BeforeProcessingInitializeOnLoad (1ms)
				ProcessInitializeOnLoadAttributes (117ms)
				ProcessInitializeOnLoadMethodAttributes (39ms)
				AfterProcessingInitializeOnLoad (0ms)
				EditorAssembliesLoaded (0ms)
			ExecutionOrderSort2 (0ms)
			AwakeInstancesAfterBackupRestoration (0ms)
Platform modules already initialized, skipping
Registering precompiled user dll's ...
Registered in 0.003819 seconds.
Begin MonoManager ReloadAssembly
Symbol file LoadedFromMemory doesn't match image C:\Users\Josh\Documents\GitHub2\uno-dos-unity-game\Library\PackageCache\com.unity.visualscripting@1.8.0\Editor\VisualScripting.Core\Dependencies\YamlDotNet\Unity.VisualScripting.YamlDotNet.dll
Symbol file LoadedFromMemory doesn't match image C:\Users\Josh\Documents\GitHub2\uno-dos-unity-game\Library\PackageCache\com.unity.visualscripting@1.8.0\Editor\VisualScripting.Core\Dependencies\DotNetZip\Unity.VisualScripting.IonicZip.dll
Native extension for WindowsStandalone target not found
Refreshing native plugins compatible for Editor in 0.52 ms, found 3 plugins.
Preloading 0 native plugins for Editor in 0.00 ms.
Mono: successfully reloaded assembly
- Completed reload, in  0.747 seconds
Domain Reload Profiling:
	ReloadAssembly (748ms)
		BeginReloadAssembly (100ms)
			ExecutionOrderSort (0ms)
			DisableScriptedObjects (5ms)
			BackupInstance (0ms)
			ReleaseScriptingObjects (0ms)
			CreateAndSetChildDomain (20ms)
		EndReloadAssembly (555ms)
			LoadAssemblies (67ms)
			RebuildTransferFunctionScriptingTraits (0ms)
			SetupTypeCache (163ms)
			ReleaseScriptCaches (0ms)
			RebuildScriptCaches (37ms)
			SetupLoadedEditorAssemblies (264ms)
				LogAssemblyErrors (0ms)
				InitializePlatformSupportModulesInManaged (4ms)
				SetLoadedEditorAssemblies (0ms)
				RefreshPlugins (1ms)
				BeforeProcessingInitializeOnLoad (59ms)
				ProcessInitializeOnLoadAttributes (178ms)
				ProcessInitializeOnLoadMethodAttributes (16ms)
				AfterProcessingInitializeOnLoad (6ms)
				EditorAssembliesLoaded (0ms)
			ExecutionOrderSort2 (0ms)
			AwakeInstancesAfterBackupRestoration (5ms)
Platform modules already initialized, skipping
========================================================================
Worker process is ready to serve import requests
Launched and connected shader compiler UnityShaderCompiler.exe after 0.05 seconds
Refreshing native plugins compatible for Editor in 0.48 ms, found 3 plugins.
Preloading 0 native plugins for Editor in 0.00 ms.
Unloading 2944 Unused Serialized files (Serialized files now loaded: 0)
Unloading 21 unused Assets / (56.5 KB). Loaded Objects now: 3408.
Memory consumption went from 105.6 MB to 105.6 MB.
Total: 2.368100 ms (FindLiveObjects: 0.227000 ms CreateObjectMapping: 0.079000 ms MarkObjects: 2.005300 ms  DeleteObjects: 0.056300 ms)

AssetImportParameters requested are different than current active one (requested -> active):
  custom:video-decoder-ogg-theora: a1e56fd34408186e4bbccfd4996cb3dc -> 
  custom:container-muxer-webm: aa71ff27fc2769a1b78a27578f13a17b -> 
  custom:container-demuxer-webm: 4f35f7cbe854078d1ac9338744f61a02 -> 
  custom:video-encoder-webm-vp8: eb34c28f22e8b96e1ab97ce403110664 -> 
  custom:audio-encoder-webm-vorbis: bf7c407c2cedff20999df2af8eb42d56 -> 
  custom:framework-win-MediaFoundation: 216162199b28c13a410421893ffa2e32 -> 
  custom:container-demuxer-ogg: 62fdf1f143b41e24485cea50d1cbac27 -> 
  custom:video-decoder-webm-vp8: 9c59270c3fd7afecdb556c50c9e8de78 -> 
  custom:audio-decoder-ogg-vorbis: bf7c407c2cedff20999df2af8eb42d56 -> 
========================================================================
Received Import Request.
  Time since last request: 123179.149997 seconds.
  path: Assets/Uno Dos Cards/Orange 8.png
  artifactKey: Guid(a73f423ae8a06374e97ef0f467fcc619) Importer(815301076,1909f56bfc062723c751e8b465ee728b)
Start importing Assets/Uno Dos Cards/Orange 8.png using Guid(a73f423ae8a06374e97ef0f467fcc619) Importer(815301076,1909f56bfc062723c751e8b465ee728b)  -> (artifact id: '9be964914d664b258f2d9c271fd832c4') in 0.110617 seconds 
========================================================================
Received Import Request.
  Time since last request: 0.000021 seconds.
  path: Assets/Uno Dos Cards/Pink 3.png
  artifactKey: Guid(7cd6024b149f71f47b04eafb20b47845) Importer(815301076,1909f56bfc062723c751e8b465ee728b)
Start importing Assets/Uno Dos Cards/Pink 3.png using Guid(7cd6024b149f71f47b04eafb20b47845) Importer(815301076,1909f56bfc062723c751e8b465ee728b)  -> (artifact id: '5ed18f8eaf92b723becdb0cec46e4df5') in 0.053315 seconds 
========================================================================
Received Import Request.
  Time since last request: 0.000037 seconds.
  path: Assets/Uno Dos Cards/Orange 3.png
  artifactKey: Guid(fd7ee4d694cb74e4cb4a0b7a28551381) Importer(815301076,1909f56bfc062723c751e8b465ee728b)
Start importing Assets/Uno Dos Cards/Orange 3.png using Guid(fd7ee4d694cb74e4cb4a0b7a28551381) Importer(815301076,1909f56bfc062723c751e8b465ee728b)  -> (artifact id: '5505f61b779ef4a32a357442e7f03072') in 0.023725 seconds 
========================================================================
Received Import Request.
  Time since last request: 0.000019 seconds.
  path: Assets/Uno Dos Cards/Orange 6.png
  artifactKey: Guid(9fd345523ee00304c9c66c57329e4569) Importer(815301076,1909f56bfc062723c751e8b465ee728b)
Start importing Assets/Uno Dos Cards/Orange 6.png using Guid(9fd345523ee00304c9c66c57329e4569) Importer(815301076,1909f56bfc062723c751e8b465ee728b)  -> (artifact id: '08f46963608c3a7a1d2e2b8ec007d60e') in 0.025531 seconds 
========================================================================
Received Import Request.
  Time since last request: 0.000017 seconds.
  path: Assets/Uno Dos Cards/Green 2.png
  artifactKey: Guid(c71054742f4a33049acbb678f90ef461) Importer(815301076,1909f56bfc062723c751e8b465ee728b)
Start importing Assets/Uno Dos Cards/Green 2.png using Guid(c71054742f4a33049acbb678f90ef461) Importer(815301076,1909f56bfc062723c751e8b465ee728b)  -> (artifact id: '47cfedfaf362d1c408d3ff322bcb6295') in 0.024571 seconds 
========================================================================
Received Import Request.
  Time since last request: 0.000018 seconds.
  path: Assets/Uno Dos Cards/Purple 1.png
  artifactKey: Guid(438a8111c0c14eb45b752f7cc326af51) Importer(815301076,1909f56bfc062723c751e8b465ee728b)
Start importing Assets/Uno Dos Cards/Purple 1.png using Guid(438a8111c0c14eb45b752f7cc326af51) Importer(815301076,1909f56bfc062723c751e8b465ee728b)  -> (artifact id: '8f5108a9106ee5b26647ac865677ce2e') in 0.023040 seconds 
========================================================================
Received Import Request.
  Time since last request: 0.000018 seconds.
  path: Assets/Uno Dos Cards/Orange 4.png
  artifactKey: Guid(ca2a9e7bb95221d4c88dc596ebba58e4) Importer(815301076,1909f56bfc062723c751e8b465ee728b)
Start importing Assets/Uno Dos Cards/Orange 4.png using Guid(ca2a9e7bb95221d4c88dc596ebba58e4) Importer(815301076,1909f56bfc062723c751e8b465ee728b)  -> (artifact id: 'ec81df498be4d2b1f0fc5d9eb7f353a3') in 0.023397 seconds 
========================================================================
Received Import Request.
  Time since last request: 0.000026 seconds.
  path: Assets/Uno Dos Cards/Purple 0 placeholder.png
  artifactKey: Guid(eb6c5493d18fdde41a5d6dc55cce9f51) Importer(815301076,1909f56bfc062723c751e8b465ee728b)
Start importing Assets/Uno Dos Cards/Purple 0 placeholder.png using Guid(eb6c5493d18fdde41a5d6dc55cce9f51) Importer(815301076,1909f56bfc062723c751e8b465ee728b)  -> (artifact id: '3f6c2c735b86d29daccba70fb81efcd0') in 0.028530 seconds 
========================================================================
Received Import Request.
  Time since last request: 0.000018 seconds.
  path: Assets/Uno Dos Cards/Pink 5.png
  artifactKey: Guid(a03d2e85551917c47b845942afcc3063) Importer(815301076,1909f56bfc062723c751e8b465ee728b)
Start importing Assets/Uno Dos Cards/Pink 5.png using Guid(a03d2e85551917c47b845942afcc3063) Importer(815301076,1909f56bfc062723c751e8b465ee728b)  -> (artifact id: 'f9e5c7d683000b145331513fbf96e234') in 0.026334 seconds 
========================================================================
Received Import Request.
  Time since last request: 0.000026 seconds.
  path: Assets/Uno Dos Cards/Purple 4.png
  artifactKey: Guid(bdc861f0246d61d49ab11b9683d9733a) Importer(815301076,1909f56bfc062723c751e8b465ee728b)
Start importing Assets/Uno Dos Cards/Purple 4.png using Guid(bdc861f0246d61d49ab11b9683d9733a) Importer(815301076,1909f56bfc062723c751e8b465ee728b)  -> (artifact id: '06840158de659f5b3896dd96644c07d7') in 0.022900 seconds 
========================================================================
Received Import Request.
  Time since last request: 0.000041 seconds.
  path: Assets/Uno Dos Cards/Green 5.png
  artifactKey: Guid(64b03ae60473bcc49ae969d703acbd28) Importer(815301076,1909f56bfc062723c751e8b465ee728b)
Start importing Assets/Uno Dos Cards/Green 5.png using Guid(64b03ae60473bcc49ae969d703acbd28) Importer(815301076,1909f56bfc062723c751e8b465ee728b)  -> (artifact id: '1a4fac20381f1122603341826887a24b') in 0.022356 seconds 
========================================================================
Received Import Request.
  Time since last request: 0.000016 seconds.
  path: Assets/Uno Dos Cards/Green 4.png
  artifactKey: Guid(3c87da08db9d18f41af11e979b0cb491) Importer(815301076,1909f56bfc062723c751e8b465ee728b)
Start importing Assets/Uno Dos Cards/Green 4.png using Guid(3c87da08db9d18f41af11e979b0cb491) Importer(815301076,1909f56bfc062723c751e8b465ee728b)  -> (artifact id: '5554441c050bec47800fb92466f7df82') in 0.025829 seconds 
========================================================================
Received Import Request.
  Time since last request: 0.000018 seconds.
  path: Assets/Uno Dos Cards/Purple 5.png
  artifactKey: Guid(daff734a6d2d7de4dba4edfbb2ac4490) Importer(815301076,1909f56bfc062723c751e8b465ee728b)
Start importing Assets/Uno Dos Cards/Purple 5.png using Guid(daff734a6d2d7de4dba4edfbb2ac4490) Importer(815301076,1909f56bfc062723c751e8b465ee728b)  -> (artifact id: 'd09832b423a46d6a7d04e92e8f399078') in 0.022950 seconds 
========================================================================
Received Import Request.
  Time since last request: 0.000018 seconds.
  path: Assets/Uno Dos Cards/Pink 1.png
  artifactKey: Guid(b8d3a420116d9414b878a8de6c19ae21) Importer(815301076,1909f56bfc062723c751e8b465ee728b)
Start importing Assets/Uno Dos Cards/Pink 1.png using Guid(b8d3a420116d9414b878a8de6c19ae21) Importer(815301076,1909f56bfc062723c751e8b465ee728b)  -> (artifact id: '6f8ce956eb673991ddca54d5475c4cb6') in 0.022726 seconds 
========================================================================
Received Import Request.
  Time since last request: 0.000018 seconds.
  path: Assets/Uno Dos Cards/Purple 2.png
  artifactKey: Guid(cfd4b7fa07879b244aedab8420770bfe) Importer(815301076,1909f56bfc062723c751e8b465ee728b)
Start importing Assets/Uno Dos Cards/Purple 2.png using Guid(cfd4b7fa07879b244aedab8420770bfe) Importer(815301076,1909f56bfc062723c751e8b465ee728b)  -> (artifact id: '75b2444138e1cf06d386252f0f2fd47c') in 0.022807 seconds 
========================================================================
Received Import Request.
  Time since last request: 0.000014 seconds.
  path: Assets/Uno Dos Cards/Orange 0 placeholder.png
  artifactKey: Guid(90d50b426583051419ebbdb7a4d745b8) Importer(815301076,1909f56bfc062723c751e8b465ee728b)
Start importing Assets/Uno Dos Cards/Orange 0 placeholder.png using Guid(90d50b426583051419ebbdb7a4d745b8) Importer(815301076,1909f56bfc062723c751e8b465ee728b)  -> (artifact id: 'ee7d106dad96b5d72bcf1bc082812945') in 0.024218 seconds 
========================================================================
Received Import Request.
  Time since last request: 0.000019 seconds.
  path: Assets/Uno Dos Cards/See through card.png
  artifactKey: Guid(b8c40b73b78dc0a429d613bbdc09c0a4) Importer(815301076,1909f56bfc062723c751e8b465ee728b)
Start importing Assets/Uno Dos Cards/See through card.png using Guid(b8c40b73b78dc0a429d613bbdc09c0a4) Importer(815301076,1909f56bfc062723c751e8b465ee728b)  -> (artifact id: 'f465907b6721afb9e23dd693cd761528') in 0.027086 seconds 
========================================================================
Received Import Request.
  Time since last request: 0.000027 seconds.
  path: Assets/Uno Dos Cards/Green 1.png
  artifactKey: Guid(723bd37c98bd01e4b877451435882943) Importer(815301076,1909f56bfc062723c751e8b465ee728b)
Start importing Assets/Uno Dos Cards/Green 1.png using Guid(723bd37c98bd01e4b877451435882943) Importer(815301076,1909f56bfc062723c751e8b465ee728b)  -> (artifact id: '1253a841de045cc72996dfb68717a13d') in 0.026261 seconds 
========================================================================
Received Import Request.
  Time since last request: 0.000024 seconds.
  path: Assets/Uno Dos Cards/Pink 2.png
  artifactKey: Guid(62bbc48805708044d88001bc363d4bb2) Importer(815301076,1909f56bfc062723c751e8b465ee728b)
Start importing Assets/Uno Dos Cards/Pink 2.png using Guid(62bbc48805708044d88001bc363d4bb2) Importer(815301076,1909f56bfc062723c751e8b465ee728b)  -> (artifact id: 'f988b0c1f150bcbbff8389f3b90b9838') in 0.027681 seconds 
========================================================================
Received Import Request.
  Time since last request: 0.000026 seconds.
  path: Assets/Uno Dos Cards/Green 7.png
  artifactKey: Guid(14f2005c8f0cfbf4582d0007d7d44182) Importer(815301076,1909f56bfc062723c751e8b465ee728b)
Start importing Assets/Uno Dos Cards/Green 7.png using Guid(14f2005c8f0cfbf4582d0007d7d44182) Importer(815301076,1909f56bfc062723c751e8b465ee728b)  -> (artifact id: 'a47bada63c41dcc6d25022cca95fbb3b') in 0.028480 seconds 
========================================================================
Received Import Request.
  Time since last request: 0.000029 seconds.
  path: Assets/Uno Dos Cards/Pink 4.png
  artifactKey: Guid(894b26874c1984742ba0f8472e09a8aa) Importer(815301076,1909f56bfc062723c751e8b465ee728b)
Start importing Assets/Uno Dos Cards/Pink 4.png using Guid(894b26874c1984742ba0f8472e09a8aa) Importer(815301076,1909f56bfc062723c751e8b465ee728b)  -> (artifact id: '8f5244f032c9fd2ef5cd406b8d9b8942') in 0.021815 seconds 
========================================================================
Received Import Request.
  Time since last request: 0.000015 seconds.
  path: Assets/Uno Dos Cards/Purple 3.png
  artifactKey: Guid(6f986001efb4be849b7a1fda76046a55) Importer(815301076,1909f56bfc062723c751e8b465ee728b)
Start importing Assets/Uno Dos Cards/Purple 3.png using Guid(6f986001efb4be849b7a1fda76046a55) Importer(815301076,1909f56bfc062723c751e8b465ee728b)  -> (artifact id: 'd961a503a58ae04a5cc1cc201b2257cc') in 0.024510 seconds 
========================================================================
Received Import Request.
  Time since last request: 0.000017 seconds.
  path: Assets/Uno Dos Cards/Green 6.png
  artifactKey: Guid(99ed7a859c95849409cd99e173730bb4) Importer(815301076,1909f56bfc062723c751e8b465ee728b)
Start importing Assets/Uno Dos Cards/Green 6.png using Guid(99ed7a859c95849409cd99e173730bb4) Importer(815301076,1909f56bfc062723c751e8b465ee728b)  -> (artifact id: '8f450b7a714e3048b3b6105067bbfb75') in 0.023658 seconds 
Editor requested this worker to shutdown with reason: Scaling down because of idle timeout
AssetImportWorker is now disconnected from the server
Process exiting
Exiting without the bug reporter. Application will terminate with return code 0