Using pre-set license
Built from '2021.3/staging' branch; Version is '2021.3.25f1 (68ef2c4f8861) revision 6876972'; Using compiler version '192829333'; Build Type 'Release'
OS: 'Windows 11  (10.0.22621) 64bit Professional' Language: 'en' Physical Memory: 32683 MB
BatchMode: 1, IsHumanControllingUs: 0, StartBugReporterOnCrash: 0, Is64bit: 1, IsPro: 1

COMMAND LINE ARGUMENTS:
C:\Program Files\Unity\Hub\Editor\2021.3.25f1\Editor\Unity.exe
-adb2
-batchMode
-noUpm
-name
AssetImportWorker1
-projectPath
C:/Users/Josh/Documents/GitHub/uno-dos-unity-game
-logFile
Logs/AssetImportWorker1.log
-srvPort
63367
Successfully changed project path to: C:/Users/Josh/Documents/GitHub/uno-dos-unity-game
C:/Users/Josh/Documents/GitHub/uno-dos-unity-game
[UnityMemory] Configuration Parameters - Can be set up in boot.config
    "memorysetup-bucket-allocator-granularity=16"
    "memorysetup-bucket-allocator-bucket-count=8"
    "memorysetup-bucket-allocator-block-size=33554432"
    "memorysetup-bucket-allocator-block-count=8"
    "memorysetup-main-allocator-block-size=16777216"
    "memorysetup-thread-allocator-block-size=16777216"
    "memorysetup-gfx-main-allocator-block-size=16777216"
    "memorysetup-gfx-thread-allocator-block-size=16777216"
    "memorysetup-cache-allocator-block-size=4194304"
    "memorysetup-typetree-allocator-block-size=2097152"
    "memorysetup-profiler-bucket-allocator-granularity=16"
    "memorysetup-profiler-bucket-allocator-bucket-count=8"
    "memorysetup-profiler-bucket-allocator-block-size=33554432"
    "memorysetup-profiler-bucket-allocator-block-count=8"
    "memorysetup-profiler-allocator-block-size=16777216"
    "memorysetup-profiler-editor-allocator-block-size=1048576"
    "memorysetup-temp-allocator-size-main=16777216"
    "memorysetup-job-temp-allocator-block-size=2097152"
    "memorysetup-job-temp-allocator-block-size-background=1048576"
    "memorysetup-job-temp-allocator-reduction-small-platforms=262144"
    "memorysetup-temp-allocator-size-background-worker=32768"
    "memorysetup-temp-allocator-size-job-worker=262144"
    "memorysetup-temp-allocator-size-preload-manager=33554432"
    "memorysetup-temp-allocator-size-nav-mesh-worker=65536"
    "memorysetup-temp-allocator-size-audio-worker=65536"
    "memorysetup-temp-allocator-size-cloud-worker=32768"
    "memorysetup-temp-allocator-size-gi-baking-worker=262144"
    "memorysetup-temp-allocator-size-gfx=262144"
Player connection [8200] Host "[IP] 192.168.1.207 [Port] 0 [Flags] 2 [Guid] 3744628088 [EditorId] 3744628088 [Version] 1048832 [Id] WindowsEditor(7,DESKTOP-55RMLP0) [Debug] 1 [PackageName] WindowsEditor [ProjectName] Editor" joined multi-casting on [225.0.0.222:54997]...

Player connection [8200] Host "[IP] 192.168.1.207 [Port] 0 [Flags] 2 [Guid] 3744628088 [EditorId] 3744628088 [Version] 1048832 [Id] WindowsEditor(7,DESKTOP-55RMLP0) [Debug] 1 [PackageName] WindowsEditor [ProjectName] Editor" joined alternative multi-casting on [225.0.0.222:34997]...

Refreshing native plugins compatible for Editor in 49.90 ms, found 3 plugins.
Preloading 0 native plugins for Editor in 0.00 ms.
Initialize engine version: 2021.3.25f1 (68ef2c4f8861)
[Subsystems] Discovering subsystems at path C:/Program Files/Unity/Hub/Editor/2021.3.25f1/Editor/Data/Resources/UnitySubsystems
[Subsystems] Discovering subsystems at path C:/Users/Josh/Documents/GitHub/uno-dos-unity-game/Assets
GfxDevice: creating device client; threaded=0; jobified=0
Direct3D:
    Version:  Direct3D 11.0 [level 11.1]
    Renderer: Radeon RX 580 Series (ID=0x67df)
    Vendor:   ATI
    VRAM:     8170 MB
    Driver:   31.0.14051.5006
Initialize mono
Mono path[0] = 'C:/Program Files/Unity/Hub/Editor/2021.3.25f1/Editor/Data/Managed'
Mono path[1] = 'C:/Program Files/Unity/Hub/Editor/2021.3.25f1/Editor/Data/MonoBleedingEdge/lib/mono/unityjit-win32'
Mono config path = 'C:/Program Files/Unity/Hub/Editor/2021.3.25f1/Editor/Data/MonoBleedingEdge/etc'
Using monoOptions --debugger-agent=transport=dt_socket,embedding=1,server=y,suspend=n,address=127.0.0.1:56668
Begin MonoManager ReloadAssembly
Registering precompiled unity dll's ...
Register platform support module: C:/Program Files/Unity/Hub/Editor/2021.3.25f1/Editor/Data/PlaybackEngines/WindowsStandaloneSupport/UnityEditor.WindowsStandalone.Extensions.dll
Registered in 0.004250 seconds.
Native extension for WindowsStandalone target not found
Refreshing native plugins compatible for Editor in 49.06 ms, found 3 plugins.
Preloading 0 native plugins for Editor in 0.00 ms.
Mono: successfully reloaded assembly
- Completed reload, in  0.485 seconds
Domain Reload Profiling:
	ReloadAssembly (486ms)
		BeginReloadAssembly (65ms)
			ExecutionOrderSort (0ms)
			DisableScriptedObjects (0ms)
			BackupInstance (0ms)
			ReleaseScriptingObjects (0ms)
			CreateAndSetChildDomain (1ms)
		EndReloadAssembly (344ms)
			LoadAssemblies (63ms)
			RebuildTransferFunctionScriptingTraits (0ms)
			SetupTypeCache (74ms)
			ReleaseScriptCaches (0ms)
			RebuildScriptCaches (23ms)
			SetupLoadedEditorAssemblies (205ms)
				LogAssemblyErrors (0ms)
				InitializePlatformSupportModulesInManaged (6ms)
				SetLoadedEditorAssemblies (0ms)
				RefreshPlugins (49ms)
				BeforeProcessingInitializeOnLoad (1ms)
				ProcessInitializeOnLoadAttributes (112ms)
				ProcessInitializeOnLoadMethodAttributes (36ms)
				AfterProcessingInitializeOnLoad (0ms)
				EditorAssembliesLoaded (0ms)
			ExecutionOrderSort2 (0ms)
			AwakeInstancesAfterBackupRestoration (0ms)
Platform modules already initialized, skipping
Registering precompiled user dll's ...
Registered in 0.003880 seconds.
Begin MonoManager ReloadAssembly
Symbol file LoadedFromMemory doesn't match image C:\Users\Josh\Documents\GitHub\uno-dos-unity-game\Library\PackageCache\com.unity.visualscripting@1.8.0\Editor\VisualScripting.Core\Dependencies\YamlDotNet\Unity.VisualScripting.YamlDotNet.dll
Symbol file LoadedFromMemory doesn't match image C:\Users\Josh\Documents\GitHub\uno-dos-unity-game\Library\PackageCache\com.unity.visualscripting@1.8.0\Editor\VisualScripting.Core\Dependencies\DotNetZip\Unity.VisualScripting.IonicZip.dll
Native extension for WindowsStandalone target not found
Refreshing native plugins compatible for Editor in 0.48 ms, found 3 plugins.
Preloading 0 native plugins for Editor in 0.00 ms.
Mono: successfully reloaded assembly
- Completed reload, in  0.705 seconds
Domain Reload Profiling:
	ReloadAssembly (705ms)
		BeginReloadAssembly (93ms)
			ExecutionOrderSort (0ms)
			DisableScriptedObjects (5ms)
			BackupInstance (0ms)
			ReleaseScriptingObjects (0ms)
			CreateAndSetChildDomain (17ms)
		EndReloadAssembly (529ms)
			LoadAssemblies (63ms)
			RebuildTransferFunctionScriptingTraits (0ms)
			SetupTypeCache (145ms)
			ReleaseScriptCaches (0ms)
			RebuildScriptCaches (37ms)
			SetupLoadedEditorAssemblies (261ms)
				LogAssemblyErrors (0ms)
				InitializePlatformSupportModulesInManaged (4ms)
				SetLoadedEditorAssemblies (0ms)
				RefreshPlugins (1ms)
				BeforeProcessingInitializeOnLoad (56ms)
				ProcessInitializeOnLoadAttributes (177ms)
				ProcessInitializeOnLoadMethodAttributes (16ms)
				AfterProcessingInitializeOnLoad (6ms)
				EditorAssembliesLoaded (0ms)
			ExecutionOrderSort2 (0ms)
			AwakeInstancesAfterBackupRestoration (4ms)
Platform modules already initialized, skipping
========================================================================
Worker process is ready to serve import requests
Launched and connected shader compiler UnityShaderCompiler.exe after 0.03 seconds
Refreshing native plugins compatible for Editor in 0.49 ms, found 3 plugins.
Preloading 0 native plugins for Editor in 0.00 ms.
Unloading 2946 Unused Serialized files (Serialized files now loaded: 0)
Unloading 21 unused Assets / (56.7 KB). Loaded Objects now: 3410.
Memory consumption went from 105.7 MB to 105.7 MB.
Total: 2.210900 ms (FindLiveObjects: 0.152200 ms CreateObjectMapping: 0.066800 ms MarkObjects: 1.933000 ms  DeleteObjects: 0.058200 ms)

AssetImportParameters requested are different than current active one (requested -> active):
  custom:video-decoder-ogg-theora: a1e56fd34408186e4bbccfd4996cb3dc -> 
  custom:container-muxer-webm: aa71ff27fc2769a1b78a27578f13a17b -> 
  custom:container-demuxer-webm: 4f35f7cbe854078d1ac9338744f61a02 -> 
  custom:video-encoder-webm-vp8: eb34c28f22e8b96e1ab97ce403110664 -> 
  custom:audio-encoder-webm-vorbis: bf7c407c2cedff20999df2af8eb42d56 -> 
  custom:framework-win-MediaFoundation: 216162199b28c13a410421893ffa2e32 -> 
  custom:container-demuxer-ogg: 62fdf1f143b41e24485cea50d1cbac27 -> 
  custom:video-decoder-webm-vp8: 9c59270c3fd7afecdb556c50c9e8de78 -> 
  custom:audio-decoder-ogg-vorbis: bf7c407c2cedff20999df2af8eb42d56 -> 
========================================================================
Received Import Request.
  Time since last request: 143032.167629 seconds.
  path: Assets/Resources/Roboto-Black.ttf
  artifactKey: Guid(5f5a689bdceb9744881bb08cc47e947a) Importer(815301076,1909f56bfc062723c751e8b465ee728b)
Start importing Assets/Resources/Roboto-Black.ttf using Guid(5f5a689bdceb9744881bb08cc47e947a) Importer(815301076,1909f56bfc062723c751e8b465ee728b)  -> (artifact id: 'c93d11073f5bbf2eb11d5e986d566b96') in 0.110766 seconds 
========================================================================
Received Import Request.
  Time since last request: 1.119295 seconds.
  path: Assets/Prefabs/Game Deck.prefab
  artifactKey: Guid(086c4ce06bbf4fd49b4f39e681fa99e0) Importer(815301076,1909f56bfc062723c751e8b465ee728b)
Start importing Assets/Prefabs/Game Deck.prefab using Guid(086c4ce06bbf4fd49b4f39e681fa99e0) Importer(815301076,1909f56bfc062723c751e8b465ee728b)  -> (artifact id: '6b2f6d064a433874a6d9aabd93c96086') in 0.017442 seconds 
========================================================================
Received Import Request.
  Time since last request: 116.605759 seconds.
  path: Assets/Prefabs/PlayerHand.prefab
  artifactKey: Guid(259fef2bc33857d48aedc1f91d6a1c6d) Importer(815301076,1909f56bfc062723c751e8b465ee728b)
Start importing Assets/Prefabs/PlayerHand.prefab using Guid(259fef2bc33857d48aedc1f91d6a1c6d) Importer(815301076,1909f56bfc062723c751e8b465ee728b)  -> (artifact id: '3280feaf7f1cb30a6e71a24070d930df') in 0.006625 seconds 
========================================================================
Received Import Request.
  Time since last request: 16.694869 seconds.
  path: Assets/Uno Dos Cards/Green 1.png
  artifactKey: Guid(723bd37c98bd01e4b877451435882943) Importer(815301076,1909f56bfc062723c751e8b465ee728b)
Start importing Assets/Uno Dos Cards/Green 1.png using Guid(723bd37c98bd01e4b877451435882943) Importer(815301076,1909f56bfc062723c751e8b465ee728b)  -> (artifact id: 'a6864decffb64d8360b46c070ac946c1') in 0.056033 seconds 
========================================================================
Received Import Request.
  Time since last request: 0.000018 seconds.
  path: Assets/Uno Dos Cards/Green 3.png
  artifactKey: Guid(4656ef6d06a58fd4da920fefe00567d7) Importer(815301076,1909f56bfc062723c751e8b465ee728b)
Start importing Assets/Uno Dos Cards/Green 3.png using Guid(4656ef6d06a58fd4da920fefe00567d7) Importer(815301076,1909f56bfc062723c751e8b465ee728b)  -> (artifact id: '0b2fcc477d546ae6e387c698326d9e8f') in 0.026046 seconds 
========================================================================
Received Import Request.
  Time since last request: 0.000016 seconds.
  path: Assets/Uno Dos Cards/Green 7.png
  artifactKey: Guid(14f2005c8f0cfbf4582d0007d7d44182) Importer(815301076,1909f56bfc062723c751e8b465ee728b)
Start importing Assets/Uno Dos Cards/Green 7.png using Guid(14f2005c8f0cfbf4582d0007d7d44182) Importer(815301076,1909f56bfc062723c751e8b465ee728b)  -> (artifact id: '59e50e4569eb79566c0ca29b4a45fa25') in 0.021844 seconds 
========================================================================
Received Import Request.
  Time since last request: 0.000018 seconds.
  path: Assets/Uno Dos Cards/Green 6.png
  artifactKey: Guid(99ed7a859c95849409cd99e173730bb4) Importer(815301076,1909f56bfc062723c751e8b465ee728b)
Start importing Assets/Uno Dos Cards/Green 6.png using Guid(99ed7a859c95849409cd99e173730bb4) Importer(815301076,1909f56bfc062723c751e8b465ee728b)  -> (artifact id: 'af3cc9f2cedd8188edc45d8ce93f744a') in 0.022124 seconds 
========================================================================
Received Import Request.
  Time since last request: 123.435590 seconds.
  path: Assets/Uno Dos Cards/Reset Card.png
  artifactKey: Guid(bd35b4d5c5d1b9241a6207f2fccf9b37) Importer(815301076,1909f56bfc062723c751e8b465ee728b)
Start importing Assets/Uno Dos Cards/Reset Card.png using Guid(bd35b4d5c5d1b9241a6207f2fccf9b37) Importer(815301076,1909f56bfc062723c751e8b465ee728b)  -> (artifact id: '7e1580d129db48e0edb3a8908f570eee') in 0.022050 seconds 
========================================================================
Received Import Request.
  Time since last request: 0.000015 seconds.
  path: Assets/Uno Dos Cards/See through card.png
  artifactKey: Guid(b8c40b73b78dc0a429d613bbdc09c0a4) Importer(815301076,1909f56bfc062723c751e8b465ee728b)
Start importing Assets/Uno Dos Cards/See through card.png using Guid(b8c40b73b78dc0a429d613bbdc09c0a4) Importer(815301076,1909f56bfc062723c751e8b465ee728b)  -> (artifact id: '25683cb492737a92caac424d6c0302e3') in 0.025259 seconds 
========================================================================
Received Prepare
Registering precompiled user dll's ...
Registered in 0.004162 seconds.
Begin MonoManager ReloadAssembly
Symbol file LoadedFromMemory doesn't match image C:\Users\Josh\Documents\GitHub\uno-dos-unity-game\Library\PackageCache\com.unity.visualscripting@1.8.0\Editor\VisualScripting.Core\Dependencies\YamlDotNet\Unity.VisualScripting.YamlDotNet.dll
Symbol file LoadedFromMemory doesn't match image C:\Users\Josh\Documents\GitHub\uno-dos-unity-game\Library\PackageCache\com.unity.visualscripting@1.8.0\Editor\VisualScripting.Core\Dependencies\DotNetZip\Unity.VisualScripting.IonicZip.dll
Native extension for WindowsStandalone target not found
Refreshing native plugins compatible for Editor in 0.39 ms, found 3 plugins.
Preloading 0 native plugins for Editor in 0.00 ms.
Mono: successfully reloaded assembly
- Completed reload, in  0.732 seconds
Domain Reload Profiling:
	ReloadAssembly (732ms)
		BeginReloadAssembly (116ms)
			ExecutionOrderSort (0ms)
			DisableScriptedObjects (4ms)
			BackupInstance (0ms)
			ReleaseScriptingObjects (0ms)
			CreateAndSetChildDomain (28ms)
		EndReloadAssembly (544ms)
			LoadAssemblies (74ms)
			RebuildTransferFunctionScriptingTraits (0ms)
			SetupTypeCache (159ms)
			ReleaseScriptCaches (1ms)
			RebuildScriptCaches (41ms)
			SetupLoadedEditorAssemblies (253ms)
				LogAssemblyErrors (0ms)
				InitializePlatformSupportModulesInManaged (4ms)
				SetLoadedEditorAssemblies (0ms)
				RefreshPlugins (0ms)
				BeforeProcessingInitializeOnLoad (61ms)
				ProcessInitializeOnLoadAttributes (164ms)
				ProcessInitializeOnLoadMethodAttributes (16ms)
				AfterProcessingInitializeOnLoad (6ms)
				EditorAssembliesLoaded (0ms)
			ExecutionOrderSort2 (0ms)
			AwakeInstancesAfterBackupRestoration (5ms)
Platform modules already initialized, skipping
Refreshing native plugins compatible for Editor in 1.41 ms, found 3 plugins.
Preloading 0 native plugins for Editor in 0.00 ms.
Unloading 2927 Unused Serialized files (Serialized files now loaded: 0)
Unloading 15 unused Assets / (25.4 KB). Loaded Objects now: 3474.
Memory consumption went from 108.8 MB to 108.7 MB.
Total: 2.246300 ms (FindLiveObjects: 0.181000 ms CreateObjectMapping: 0.056400 ms MarkObjects: 1.989100 ms  DeleteObjects: 0.019200 ms)

AssetImportParameters requested are different than current active one (requested -> active):
  custom:video-decoder-ogg-theora: a1e56fd34408186e4bbccfd4996cb3dc -> 
  custom:container-muxer-webm: aa71ff27fc2769a1b78a27578f13a17b -> 
  custom:container-demuxer-webm: 4f35f7cbe854078d1ac9338744f61a02 -> 
  custom:video-encoder-webm-vp8: eb34c28f22e8b96e1ab97ce403110664 -> 
  custom:audio-encoder-webm-vorbis: bf7c407c2cedff20999df2af8eb42d56 -> 
  custom:framework-win-MediaFoundation: 216162199b28c13a410421893ffa2e32 -> 
  custom:container-demuxer-ogg: 62fdf1f143b41e24485cea50d1cbac27 -> 
  custom:video-decoder-webm-vp8: 9c59270c3fd7afecdb556c50c9e8de78 -> 
  custom:audio-decoder-ogg-vorbis: bf7c407c2cedff20999df2af8eb42d56 -> 
