Using pre-set license
Built from '2021.3/staging' branch; Version is '2021.3.25f1 (68ef2c4f8861) revision 6876972'; Using compiler version '192829333'; Build Type 'Release'
OS: 'Windows 11  (10.0.22621) 64bit Professional' Language: 'en' Physical Memory: 32683 MB
BatchMode: 1, IsHumanControllingUs: 0, StartBugReporterOnCrash: 0, Is64bit: 1, IsPro: 1

COMMAND LINE ARGUMENTS:
C:\Program Files\Unity\Hub\Editor\2021.3.25f1\Editor\Unity.exe
-adb2
-batchMode
-noUpm
-name
AssetImportWorker5
-projectPath
C:/Users/Josh/Documents/GitHub2/uno-dos-unity-game
-logFile
Logs/AssetImportWorker5.log
-srvPort
56403
Successfully changed project path to: C:/Users/Josh/Documents/GitHub2/uno-dos-unity-game
C:/Users/Josh/Documents/GitHub2/uno-dos-unity-game
[UnityMemory] Configuration Parameters - Can be set up in boot.config
    "memorysetup-bucket-allocator-granularity=16"
    "memorysetup-bucket-allocator-bucket-count=8"
    "memorysetup-bucket-allocator-block-size=33554432"
    "memorysetup-bucket-allocator-block-count=8"
    "memorysetup-main-allocator-block-size=16777216"
    "memorysetup-thread-allocator-block-size=16777216"
    "memorysetup-gfx-main-allocator-block-size=16777216"
    "memorysetup-gfx-thread-allocator-block-size=16777216"
    "memorysetup-cache-allocator-block-size=4194304"
    "memorysetup-typetree-allocator-block-size=2097152"
    "memorysetup-profiler-bucket-allocator-granularity=16"
    "memorysetup-profiler-bucket-allocator-bucket-count=8"
    "memorysetup-profiler-bucket-allocator-block-size=33554432"
    "memorysetup-profiler-bucket-allocator-block-count=8"
    "memorysetup-profiler-allocator-block-size=16777216"
    "memorysetup-profiler-editor-allocator-block-size=1048576"
    "memorysetup-temp-allocator-size-main=16777216"
    "memorysetup-job-temp-allocator-block-size=2097152"
    "memorysetup-job-temp-allocator-block-size-background=1048576"
    "memorysetup-job-temp-allocator-reduction-small-platforms=262144"
    "memorysetup-temp-allocator-size-background-worker=32768"
    "memorysetup-temp-allocator-size-job-worker=262144"
    "memorysetup-temp-allocator-size-preload-manager=33554432"
    "memorysetup-temp-allocator-size-nav-mesh-worker=65536"
    "memorysetup-temp-allocator-size-audio-worker=65536"
    "memorysetup-temp-allocator-size-cloud-worker=32768"
    "memorysetup-temp-allocator-size-gi-baking-worker=262144"
    "memorysetup-temp-allocator-size-gfx=262144"
Player connection [38324] Host "[IP] 192.168.1.207 [Port] 0 [Flags] 2 [Guid] 646811291 [EditorId] 646811291 [Version] 1048832 [Id] WindowsEditor(7,DESKTOP-55RMLP0) [Debug] 1 [PackageName] WindowsEditor [ProjectName] Editor" joined multi-casting on [225.0.0.222:54997]...

Player connection [38324] Host "[IP] 192.168.1.207 [Port] 0 [Flags] 2 [Guid] 646811291 [EditorId] 646811291 [Version] 1048832 [Id] WindowsEditor(7,DESKTOP-55RMLP0) [Debug] 1 [PackageName] WindowsEditor [ProjectName] Editor" joined alternative multi-casting on [225.0.0.222:34997]...

Refreshing native plugins compatible for Editor in 74.38 ms, found 3 plugins.
Preloading 0 native plugins for Editor in 0.00 ms.
Initialize engine version: 2021.3.25f1 (68ef2c4f8861)
[Subsystems] Discovering subsystems at path C:/Program Files/Unity/Hub/Editor/2021.3.25f1/Editor/Data/Resources/UnitySubsystems
[Subsystems] Discovering subsystems at path C:/Users/Josh/Documents/GitHub2/uno-dos-unity-game/Assets
GfxDevice: creating device client; threaded=0; jobified=0
Direct3D:
    Version:  Direct3D 11.0 [level 11.1]
    Renderer: Radeon RX 580 Series (ID=0x67df)
    Vendor:   ATI
    VRAM:     8170 MB
    Driver:   31.0.14051.5006
Initialize mono
Mono path[0] = 'C:/Program Files/Unity/Hub/Editor/2021.3.25f1/Editor/Data/Managed'
Mono path[1] = 'C:/Program Files/Unity/Hub/Editor/2021.3.25f1/Editor/Data/MonoBleedingEdge/lib/mono/unityjit-win32'
Mono config path = 'C:/Program Files/Unity/Hub/Editor/2021.3.25f1/Editor/Data/MonoBleedingEdge/etc'
Using monoOptions --debugger-agent=transport=dt_socket,embedding=1,server=y,suspend=n,address=127.0.0.1:56804
Begin MonoManager ReloadAssembly
Registering precompiled unity dll's ...
Register platform support module: C:/Program Files/Unity/Hub/Editor/2021.3.25f1/Editor/Data/PlaybackEngines/WindowsStandaloneSupport/UnityEditor.WindowsStandalone.Extensions.dll
Registered in 0.004540 seconds.
Native extension for WindowsStandalone target not found
Refreshing native plugins compatible for Editor in 51.48 ms, found 3 plugins.
Preloading 0 native plugins for Editor in 0.00 ms.
Mono: successfully reloaded assembly
- Completed reload, in  0.505 seconds
Domain Reload Profiling:
	ReloadAssembly (505ms)
		BeginReloadAssembly (68ms)
			ExecutionOrderSort (0ms)
			DisableScriptedObjects (0ms)
			BackupInstance (0ms)
			ReleaseScriptingObjects (0ms)
			CreateAndSetChildDomain (1ms)
		EndReloadAssembly (358ms)
			LoadAssemblies (66ms)
			RebuildTransferFunctionScriptingTraits (0ms)
			SetupTypeCache (82ms)
			ReleaseScriptCaches (0ms)
			RebuildScriptCaches (23ms)
			SetupLoadedEditorAssemblies (212ms)
				LogAssemblyErrors (0ms)
				InitializePlatformSupportModulesInManaged (7ms)
				SetLoadedEditorAssemblies (0ms)
				RefreshPlugins (52ms)
				BeforeProcessingInitializeOnLoad (1ms)
				ProcessInitializeOnLoadAttributes (114ms)
				ProcessInitializeOnLoadMethodAttributes (38ms)
				AfterProcessingInitializeOnLoad (0ms)
				EditorAssembliesLoaded (0ms)
			ExecutionOrderSort2 (0ms)
			AwakeInstancesAfterBackupRestoration (0ms)
Platform modules already initialized, skipping
Registering precompiled user dll's ...
Registered in 0.003982 seconds.
Begin MonoManager ReloadAssembly
Symbol file LoadedFromMemory doesn't match image C:\Users\Josh\Documents\GitHub2\uno-dos-unity-game\Library\PackageCache\com.unity.visualscripting@1.8.0\Editor\VisualScripting.Core\Dependencies\YamlDotNet\Unity.VisualScripting.YamlDotNet.dll
Symbol file LoadedFromMemory doesn't match image C:\Users\Josh\Documents\GitHub2\uno-dos-unity-game\Library\PackageCache\com.unity.visualscripting@1.8.0\Editor\VisualScripting.Core\Dependencies\DotNetZip\Unity.VisualScripting.IonicZip.dll
Native extension for WindowsStandalone target not found
Refreshing native plugins compatible for Editor in 0.50 ms, found 3 plugins.
Preloading 0 native plugins for Editor in 0.00 ms.
Mono: successfully reloaded assembly
- Completed reload, in  0.752 seconds
Domain Reload Profiling:
	ReloadAssembly (753ms)
		BeginReloadAssembly (100ms)
			ExecutionOrderSort (0ms)
			DisableScriptedObjects (5ms)
			BackupInstance (0ms)
			ReleaseScriptingObjects (0ms)
			CreateAndSetChildDomain (22ms)
		EndReloadAssembly (562ms)
			LoadAssemblies (66ms)
			RebuildTransferFunctionScriptingTraits (0ms)
			SetupTypeCache (163ms)
			ReleaseScriptCaches (0ms)
			RebuildScriptCaches (37ms)
			SetupLoadedEditorAssemblies (267ms)
				LogAssemblyErrors (0ms)
				InitializePlatformSupportModulesInManaged (4ms)
				SetLoadedEditorAssemblies (0ms)
				RefreshPlugins (1ms)
				BeforeProcessingInitializeOnLoad (57ms)
				ProcessInitializeOnLoadAttributes (181ms)
				ProcessInitializeOnLoadMethodAttributes (17ms)
				AfterProcessingInitializeOnLoad (6ms)
				EditorAssembliesLoaded (0ms)
			ExecutionOrderSort2 (0ms)
			AwakeInstancesAfterBackupRestoration (5ms)
Platform modules already initialized, skipping
========================================================================
Worker process is ready to serve import requests
Launched and connected shader compiler UnityShaderCompiler.exe after 0.06 seconds
Refreshing native plugins compatible for Editor in 0.50 ms, found 3 plugins.
Preloading 0 native plugins for Editor in 0.00 ms.
Unloading 2944 Unused Serialized files (Serialized files now loaded: 0)
Unloading 21 unused Assets / (56.5 KB). Loaded Objects now: 3408.
Memory consumption went from 105.6 MB to 105.6 MB.
Total: 2.481700 ms (FindLiveObjects: 0.207900 ms CreateObjectMapping: 0.115300 ms MarkObjects: 2.085900 ms  DeleteObjects: 0.072000 ms)

AssetImportParameters requested are different than current active one (requested -> active):
  custom:video-decoder-ogg-theora: a1e56fd34408186e4bbccfd4996cb3dc -> 
  custom:container-muxer-webm: aa71ff27fc2769a1b78a27578f13a17b -> 
  custom:container-demuxer-webm: 4f35f7cbe854078d1ac9338744f61a02 -> 
  custom:video-encoder-webm-vp8: eb34c28f22e8b96e1ab97ce403110664 -> 
  custom:audio-encoder-webm-vorbis: bf7c407c2cedff20999df2af8eb42d56 -> 
  custom:framework-win-MediaFoundation: 216162199b28c13a410421893ffa2e32 -> 
  custom:container-demuxer-ogg: 62fdf1f143b41e24485cea50d1cbac27 -> 
  custom:video-decoder-webm-vp8: 9c59270c3fd7afecdb556c50c9e8de78 -> 
  custom:audio-decoder-ogg-vorbis: bf7c407c2cedff20999df2af8eb42d56 -> 
========================================================================
Received Import Request.
  Time since last request: 123179.186748 seconds.
  path: Assets/Uno Dos Cards/Green 0 placeholder.png
  artifactKey: Guid(a83d299eb9d2fe6458daddd6c0748b8e) Importer(815301076,1909f56bfc062723c751e8b465ee728b)
Start importing Assets/Uno Dos Cards/Green 0 placeholder.png using Guid(a83d299eb9d2fe6458daddd6c0748b8e) Importer(815301076,1909f56bfc062723c751e8b465ee728b)  -> (artifact id: '5a28ccb30a331a544ddcfe2b7a46ec5f') in 0.107648 seconds 
========================================================================
Received Import Request.
  Time since last request: 0.000018 seconds.
  path: Assets/Uno Dos Cards/Reset Card.png
  artifactKey: Guid(bd35b4d5c5d1b9241a6207f2fccf9b37) Importer(815301076,1909f56bfc062723c751e8b465ee728b)
Start importing Assets/Uno Dos Cards/Reset Card.png using Guid(bd35b4d5c5d1b9241a6207f2fccf9b37) Importer(815301076,1909f56bfc062723c751e8b465ee728b)  -> (artifact id: '501954c58c51a3a6ac99bd825a162f84') in 0.060403 seconds 
========================================================================
Received Import Request.
  Time since last request: 0.000015 seconds.
  path: Assets/Uno Dos Cards/Orange 7.png
  artifactKey: Guid(54b40accf9c0b5f44901bf70fdcbcbd6) Importer(815301076,1909f56bfc062723c751e8b465ee728b)
Start importing Assets/Uno Dos Cards/Orange 7.png using Guid(54b40accf9c0b5f44901bf70fdcbcbd6) Importer(815301076,1909f56bfc062723c751e8b465ee728b)  -> (artifact id: 'f26939f997c226ba8026ec8dfd172971') in 0.023010 seconds 
========================================================================
Received Import Request.
  Time since last request: 0.000020 seconds.
  path: Assets/Uno Dos Cards/Orange 2.png
  artifactKey: Guid(6e1639fd7c2e043449c476f0f6c930df) Importer(815301076,1909f56bfc062723c751e8b465ee728b)
Start importing Assets/Uno Dos Cards/Orange 2.png using Guid(6e1639fd7c2e043449c476f0f6c930df) Importer(815301076,1909f56bfc062723c751e8b465ee728b)  -> (artifact id: 'f6856147e35cff85c9e47a7d894c8972') in 0.022716 seconds 
========================================================================
Received Import Request.
  Time since last request: 0.000029 seconds.
  path: Assets/Uno Dos Cards/Pink 7.png
  artifactKey: Guid(dbcd95349126f914e9a44d1f56d4dce2) Importer(815301076,1909f56bfc062723c751e8b465ee728b)
Start importing Assets/Uno Dos Cards/Pink 7.png using Guid(dbcd95349126f914e9a44d1f56d4dce2) Importer(815301076,1909f56bfc062723c751e8b465ee728b)  -> (artifact id: '19b822f77cd90df36a3ade1ca6cccbab') in 0.025842 seconds 
========================================================================
Received Import Request.
  Time since last request: 0.000021 seconds.
  path: Assets/Uno Dos Cards/Purple 8.png
  artifactKey: Guid(afa8c8fdfb0c9a948aecb044fc8b1875) Importer(815301076,1909f56bfc062723c751e8b465ee728b)
Start importing Assets/Uno Dos Cards/Purple 8.png using Guid(afa8c8fdfb0c9a948aecb044fc8b1875) Importer(815301076,1909f56bfc062723c751e8b465ee728b)  -> (artifact id: '0b0fe306cc8c799b9251a0bb0713b3f2') in 0.033206 seconds 
========================================================================
Received Import Request.
  Time since last request: 0.000019 seconds.
  path: Assets/Uno Dos Cards/Swap Deck Card.png
  artifactKey: Guid(5d624089623536641b678e610ceb76fd) Importer(815301076,1909f56bfc062723c751e8b465ee728b)
Start importing Assets/Uno Dos Cards/Swap Deck Card.png using Guid(5d624089623536641b678e610ceb76fd) Importer(815301076,1909f56bfc062723c751e8b465ee728b)  -> (artifact id: '240435a3ac35c7998321e77898eb31de') in 0.028017 seconds 
========================================================================
Received Import Request.
  Time since last request: 0.000016 seconds.
  path: Assets/Uno Dos Cards/Purple 9.png
  artifactKey: Guid(9c7f0eb9734057d41b11382518bb80a7) Importer(815301076,1909f56bfc062723c751e8b465ee728b)
Start importing Assets/Uno Dos Cards/Purple 9.png using Guid(9c7f0eb9734057d41b11382518bb80a7) Importer(815301076,1909f56bfc062723c751e8b465ee728b)  -> (artifact id: '26455a954aa69ae045a6e616df442ad7') in 0.023975 seconds 
========================================================================
Received Import Request.
  Time since last request: 0.000015 seconds.
  path: Assets/Uno Dos Cards/Purple 7.png
  artifactKey: Guid(4acf1df96494fc34b83d559f31e4fe33) Importer(815301076,1909f56bfc062723c751e8b465ee728b)
Start importing Assets/Uno Dos Cards/Purple 7.png using Guid(4acf1df96494fc34b83d559f31e4fe33) Importer(815301076,1909f56bfc062723c751e8b465ee728b)  -> (artifact id: '3fce906f0f6a7c04d50895f343e9453e') in 0.026941 seconds 
========================================================================
Received Import Request.
  Time since last request: 0.000024 seconds.
  path: Assets/Uno Dos Cards/Orange 9.png
  artifactKey: Guid(d879fa6df8b06ba43820552325f78520) Importer(815301076,1909f56bfc062723c751e8b465ee728b)
Start importing Assets/Uno Dos Cards/Orange 9.png using Guid(d879fa6df8b06ba43820552325f78520) Importer(815301076,1909f56bfc062723c751e8b465ee728b)  -> (artifact id: 'eccba6cdf299f3a6e743841029f87c11') in 0.027502 seconds 
========================================================================
Received Import Request.
  Time since last request: 0.000028 seconds.
  path: Assets/Uno Dos Cards/Green 3.png
  artifactKey: Guid(4656ef6d06a58fd4da920fefe00567d7) Importer(815301076,1909f56bfc062723c751e8b465ee728b)
Start importing Assets/Uno Dos Cards/Green 3.png using Guid(4656ef6d06a58fd4da920fefe00567d7) Importer(815301076,1909f56bfc062723c751e8b465ee728b)  -> (artifact id: '79d7876971c37fac5e6ff53c1408e653') in 0.025447 seconds 
========================================================================
Received Import Request.
  Time since last request: 0.000024 seconds.
  path: Assets/Uno Dos Cards/Pink 6.png
  artifactKey: Guid(cb34b4ac8a73de84ab8c5eac02be455c) Importer(815301076,1909f56bfc062723c751e8b465ee728b)
Start importing Assets/Uno Dos Cards/Pink 6.png using Guid(cb34b4ac8a73de84ab8c5eac02be455c) Importer(815301076,1909f56bfc062723c751e8b465ee728b)  -> (artifact id: '47898bd3af97372b40ec125a13357db7') in 0.022300 seconds 
========================================================================
Received Import Request.
  Time since last request: 0.000028 seconds.
  path: Assets/Uno Dos Cards/Pink 8.png
  artifactKey: Guid(5720dedf06d79784fa2560705e1ce79a) Importer(815301076,1909f56bfc062723c751e8b465ee728b)
Start importing Assets/Uno Dos Cards/Pink 8.png using Guid(5720dedf06d79784fa2560705e1ce79a) Importer(815301076,1909f56bfc062723c751e8b465ee728b)  -> (artifact id: '3ee60918fb3f3181ad75798a05037045') in 0.023717 seconds 
========================================================================
Received Import Request.
  Time since last request: 0.000028 seconds.
  path: Assets/Uno Dos Cards/Pink 0 placeholder.png
  artifactKey: Guid(2aeb4700da4cca04183ba97df895c845) Importer(815301076,1909f56bfc062723c751e8b465ee728b)
Start importing Assets/Uno Dos Cards/Pink 0 placeholder.png using Guid(2aeb4700da4cca04183ba97df895c845) Importer(815301076,1909f56bfc062723c751e8b465ee728b)  -> (artifact id: '78ecb6fcf8925be3ad7cb8ac05efc32b') in 0.026876 seconds 
========================================================================
Received Import Request.
  Time since last request: 0.000026 seconds.
  path: Assets/Uno Dos Cards/Orange 1.png
  artifactKey: Guid(c3bd6034129668246ad12f6c57aea6a7) Importer(815301076,1909f56bfc062723c751e8b465ee728b)
Start importing Assets/Uno Dos Cards/Orange 1.png using Guid(c3bd6034129668246ad12f6c57aea6a7) Importer(815301076,1909f56bfc062723c751e8b465ee728b)  -> (artifact id: 'cc8e40f302071b585d272e9c09f27d16') in 0.022934 seconds 
========================================================================
Received Import Request.
  Time since last request: 0.000023 seconds.
  path: Assets/Uno Dos Cards/Orange 5.png
  artifactKey: Guid(4821e4d30256b8b49a8395a1ef3f0d24) Importer(815301076,1909f56bfc062723c751e8b465ee728b)
Start importing Assets/Uno Dos Cards/Orange 5.png using Guid(4821e4d30256b8b49a8395a1ef3f0d24) Importer(815301076,1909f56bfc062723c751e8b465ee728b)  -> (artifact id: '0ae7e90194eef370812c0c0f7acb25d4') in 0.022793 seconds 
========================================================================
Received Import Request.
  Time since last request: 0.000020 seconds.
  path: Assets/Uno Dos Cards/Lose 2 card.png
  artifactKey: Guid(a1e6d845128c9b8489303e297243f01e) Importer(815301076,1909f56bfc062723c751e8b465ee728b)
Start importing Assets/Uno Dos Cards/Lose 2 card.png using Guid(a1e6d845128c9b8489303e297243f01e) Importer(815301076,1909f56bfc062723c751e8b465ee728b)  -> (artifact id: '2adce27ac340d4a4e8dd41f6429aa233') in 0.028962 seconds 
========================================================================
Received Import Request.
  Time since last request: 0.000020 seconds.
  path: Assets/Uno Dos Cards/Green 9.png
  artifactKey: Guid(370d1958cddf2b7449b77d1c62b14842) Importer(815301076,1909f56bfc062723c751e8b465ee728b)
Start importing Assets/Uno Dos Cards/Green 9.png using Guid(370d1958cddf2b7449b77d1c62b14842) Importer(815301076,1909f56bfc062723c751e8b465ee728b)  -> (artifact id: 'b6ff651dba5a8a46728d4e28bf17d30e') in 0.024493 seconds 
========================================================================
Received Import Request.
  Time since last request: 0.000022 seconds.
  path: Assets/Uno Dos Cards/Purple 6.png
  artifactKey: Guid(6a67d42953b7d454d93f3023c1ef44d5) Importer(815301076,1909f56bfc062723c751e8b465ee728b)
Start importing Assets/Uno Dos Cards/Purple 6.png using Guid(6a67d42953b7d454d93f3023c1ef44d5) Importer(815301076,1909f56bfc062723c751e8b465ee728b)  -> (artifact id: 'a6e4913d2dbfa94f1136f1671c683a83') in 0.022944 seconds 
========================================================================
Received Import Request.
  Time since last request: 0.000029 seconds.
  path: Assets/Uno Dos Cards/Pink 9.png
  artifactKey: Guid(025cdd503a2217d428fe9dc7f2d80358) Importer(815301076,1909f56bfc062723c751e8b465ee728b)
Start importing Assets/Uno Dos Cards/Pink 9.png using Guid(025cdd503a2217d428fe9dc7f2d80358) Importer(815301076,1909f56bfc062723c751e8b465ee728b)  -> (artifact id: '06fdaa97dba994aed117b9b09ad432e2') in 0.022024 seconds 
========================================================================
Received Import Request.
  Time since last request: 0.000021 seconds.
  path: Assets/Uno Dos Cards/Green 8.png
  artifactKey: Guid(8a20f15b6f237134095a01e762f866a1) Importer(815301076,1909f56bfc062723c751e8b465ee728b)
Start importing Assets/Uno Dos Cards/Green 8.png using Guid(8a20f15b6f237134095a01e762f866a1) Importer(815301076,1909f56bfc062723c751e8b465ee728b)  -> (artifact id: 'e49e048393ecb5cdafe0d6211ccbe3b7') in 0.026503 seconds 
Editor requested this worker to shutdown with reason: Scaling down because of idle timeout
AssetImportWorker is now disconnected from the server
Process exiting
Exiting without the bug reporter. Application will terminate with return code 0